<?xml version="1.0" encoding="UTF-8"?>
<!-- Generated by org.testng.reporters.JUnitXMLReporter -->
<testsuite hostname="LAPTOP-1C7KLKVI" failures="0" tests="5" name="Surefire test" time="26.228" errors="0" timestamp="15 Dec 2024 04:04:20 GMT">
  <testcase classname="com.testng.test.LoginTest" name="loginwithinvalidpassword" time="2.252"/>
  <testcase classname="com.testng.test.LoginTest" name="validlogin" time="1.8"/>
  <testcase classname="com.testng.test.LoginTest" name="RememberUsernameCheck" time="8.052"/>
  <testcase classname="com.testng.test.LoginTest" name="forgotpassword" time="0.966"/>
  <testcase classname="com.testng.test.LoginTest" name="passworderrormessage" time="1.05"/>
</testsuite> <!-- Surefire test -->
