<?xml version="1.0" encoding="UTF-8"?>
<!-- Generated by org.testng.reporters.JUnitXMLReporter -->
<testsuite hostname="LAPTOP-1C7KLKVI" failures="0" tests="5" name="Test" time="27.965" errors="0" timestamp="15 Dec 2024 03:10:26 GMT">
  <testcase classname="com.testng.test.LoginTest" name="loginwithinvalidpassword" time="2.407"/>
  <testcase classname="com.testng.test.LoginTest" name="validlogin" time="3.464"/>
  <testcase classname="com.testng.test.LoginTest" name="RememberUsernameCheck" time="5.377"/>
  <testcase classname="com.testng.test.LoginTest" name="forgotpassword" time="1.236"/>
  <testcase classname="com.testng.test.LoginTest" name="passworderrormessage" time="0.725"/>
</testsuite> <!-- Test -->
