<?xml version="1.0" encoding="UTF-8"?>
<testng-results total="5" passed="5" failed="0" skipped="0">
  <reporter-output>
  </reporter-output>
  <suite started-at="2024-12-15T04:03:54Z" name="Surefire suite" finished-at="2024-12-15T04:04:20Z" duration-ms="26228">
    <groups>
    </groups>
    <test started-at="2024-12-15T04:03:54Z" name="Surefire test" finished-at="2024-12-15T04:04:20Z" duration-ms="26228">
      <class name="com.testng.test.LoginTest">
        <test-method is-config="true" signature="beforemethod()[pri:0, instance:com.testng.test.LoginTest@6c40365c]" started-at="2024-12-14T20:03:54Z" name="beforemethod" finished-at="2024-12-14T20:03:57Z" duration-ms="3008" status="PASS">
          <reporter-output>
          </reporter-output>
        </test-method> <!-- beforemethod -->
        <test-method signature="loginwithinvalidpassword()[pri:1, instance:com.testng.test.LoginTest@6c40365c]" started-at="2024-12-14T20:03:57Z" name="loginwithinvalidpassword" finished-at="2024-12-14T20:03:59Z" duration-ms="2252" status="PASS">
          <reporter-output>
          </reporter-output>
        </test-method> <!-- loginwithinvalidpassword -->
        <test-method is-config="true" signature="close()[pri:0, instance:com.testng.test.LoginTest@6c40365c]" started-at="2024-12-14T20:03:59Z" name="close" finished-at="2024-12-14T20:03:59Z" duration-ms="273" status="PASS">
          <reporter-output>
          </reporter-output>
        </test-method> <!-- close -->
        <test-method is-config="true" signature="beforemethod()[pri:0, instance:com.testng.test.LoginTest@6c40365c]" started-at="2024-12-14T20:03:59Z" name="beforemethod" finished-at="2024-12-14T20:04:01Z" duration-ms="2297" status="PASS">
          <reporter-output>
          </reporter-output>
        </test-method> <!-- beforemethod -->
        <test-method signature="validlogin()[pri:2, instance:com.testng.test.LoginTest@6c40365c]" started-at="2024-12-14T20:04:01Z" name="validlogin" finished-at="2024-12-14T20:04:03Z" duration-ms="1800" status="PASS">
          <reporter-output>
          </reporter-output>
        </test-method> <!-- validlogin -->
        <test-method is-config="true" signature="close()[pri:0, instance:com.testng.test.LoginTest@6c40365c]" started-at="2024-12-14T20:04:03Z" name="close" finished-at="2024-12-14T20:04:03Z" duration-ms="193" status="PASS">
          <reporter-output>
          </reporter-output>
        </test-method> <!-- close -->
        <test-method is-config="true" signature="beforemethod()[pri:0, instance:com.testng.test.LoginTest@6c40365c]" started-at="2024-12-14T20:04:03Z" name="beforemethod" finished-at="2024-12-14T20:04:05Z" duration-ms="1873" status="PASS">
          <reporter-output>
          </reporter-output>
        </test-method> <!-- beforemethod -->
        <test-method signature="RememberUsernameCheck()[pri:3, instance:com.testng.test.LoginTest@6c40365c]" started-at="2024-12-14T20:04:05Z" name="RememberUsernameCheck" finished-at="2024-12-14T20:04:13Z" duration-ms="8052" status="PASS">
          <reporter-output>
          </reporter-output>
        </test-method> <!-- RememberUsernameCheck -->
        <test-method is-config="true" signature="close()[pri:0, instance:com.testng.test.LoginTest@6c40365c]" started-at="2024-12-14T20:04:13Z" name="close" finished-at="2024-12-14T20:04:13Z" duration-ms="223" status="PASS">
          <reporter-output>
          </reporter-output>
        </test-method> <!-- close -->
        <test-method is-config="true" signature="beforemethod()[pri:0, instance:com.testng.test.LoginTest@6c40365c]" started-at="2024-12-14T20:04:13Z" name="beforemethod" finished-at="2024-12-14T20:04:15Z" duration-ms="1888" status="PASS">
          <reporter-output>
          </reporter-output>
        </test-method> <!-- beforemethod -->
        <test-method signature="forgotpassword()[pri:4, instance:com.testng.test.LoginTest@6c40365c]" started-at="2024-12-14T20:04:15Z" name="forgotpassword" finished-at="2024-12-14T20:04:16Z" duration-ms="966" status="PASS">
          <reporter-output>
          </reporter-output>
        </test-method> <!-- forgotpassword -->
        <test-method is-config="true" signature="close()[pri:0, instance:com.testng.test.LoginTest@6c40365c]" started-at="2024-12-14T20:04:16Z" name="close" finished-at="2024-12-14T20:04:16Z" duration-ms="140" status="PASS">
          <reporter-output>
          </reporter-output>
        </test-method> <!-- close -->
        <test-method is-config="true" signature="beforemethod()[pri:0, instance:com.testng.test.LoginTest@6c40365c]" started-at="2024-12-14T20:04:16Z" name="beforemethod" finished-at="2024-12-14T20:04:18Z" duration-ms="1997" status="PASS">
          <reporter-output>
          </reporter-output>
        </test-method> <!-- beforemethod -->
        <test-method signature="passworderrormessage()[pri:5, instance:com.testng.test.LoginTest@6c40365c]" started-at="2024-12-14T20:04:18Z" name="passworderrormessage" finished-at="2024-12-14T20:04:20Z" duration-ms="1050" status="PASS">
          <reporter-output>
          </reporter-output>
        </test-method> <!-- passworderrormessage -->
        <test-method is-config="true" signature="close()[pri:0, instance:com.testng.test.LoginTest@6c40365c]" started-at="2024-12-14T20:04:20Z" name="close" finished-at="2024-12-14T20:04:20Z" duration-ms="195" status="PASS">
          <reporter-output>
          </reporter-output>
        </test-method> <!-- close -->
      </class> <!-- com.testng.test.LoginTest -->
    </test> <!-- Surefire test -->
  </suite> <!-- Surefire suite -->
</testng-results>
